<?xml version="1.0" encoding="UTF-8"?>
<!-- Generated by org.testng.reporters.JUnitReportReporter -->
<testsuite skipped="0" hostname="Srbsts-World" name="Academy.validateNavigationBar" tests="1" failures="0" timestamp="2019-11-21T19:44:16 CST" time="0.055" errors="0">
  <testcase name="basePageNavigation" time="0.055" classname="Academy.validateNavigationBar"/>
</testsuite> <!-- Academy.validateNavigationBar -->
