<?xml version="1.0" encoding="UTF-8"?>
<!-- Generated by org.testng.reporters.JUnitReportReporter -->
<testsuite skipped="0" hostname="Srbsts-World" name="Academy.HomePage" tests="2" failures="0" timestamp="2019-11-21T19:44:16 CST" time="9.686" errors="0">
  <testcase name="basePageNavigation" time="5.578" classname="Academy.HomePage"/>
  <testcase name="basePageNavigation" time="4.108" classname="Academy.HomePage"/>
</testsuite> <!-- Academy.HomePage -->
