<?xml version="1.0" encoding="UTF-8"?>
<!-- Generated by org.testng.reporters.JUnitReportReporter -->
<testsuite skipped="0" hostname="Srbsts-World" name="Academy.HomePage" tests="2" failures="0" timestamp="2019-11-21T14:15:15 CST" time="8.877" errors="0">
  <testcase name="basePageNavigation" time="3.864" classname="Academy.HomePage"/>
  <testcase name="basePageNavigation" time="5.013" classname="Academy.HomePage"/>
</testsuite> <!-- Academy.HomePage -->
